Building for debugging...
[0/4] Write sources
[1/4] Write swift-version--58304C5D6DBC2206.txt
[3/11] Compiling Vosh FinderModule.swift
[4/11] Compiling Vosh VoshAgent.swift
/Users/ashleycox/Documents/Vosh/Sources/Vosh/VoshAgent.swift:285:80: [1;33mwarning: [1;39mmain actor-isolated class property 'voshEventUserData' can not be referenced from a nonisolated context; this is an error in the Swift 6 language mode[0;0m
 [0;36m283 |[0;0m                 let event = CGEvent(keyboardEventSource: source, virtualKey: 0x24, keyDown: keyDown)
 [0;36m284 |[0;0m                 // CRITICAL: Mark event so Input.swift ignores it (prevents infinite loop)
 [0;36m285 |[0;0m                 event?.setIntegerValueField(.eventSourceUserData, value: Input.voshEventUserData)
     [0;36m|[0;0m                                                                                `- [1;33mwarning: [1;39mmain actor-isolated class property 'voshEventUserData' can not be referenced from a nonisolated context; this is an error in the Swift 6 language mode[0;0m
 [0;36m286 |[0;0m                 event?.post(tap: .cghidEventTap)
 [0;36m287 |[0;0m             }

/Users/ashleycox/Documents/Vosh/Sources/Input/Input.swift:41:23: [1;39mnote: [1;39mclass property declared here[0;0m
 [0;36m39 |[0;0m     /// Magic number used to identify events injected by Vosh itself.
 [0;36m40 |[0;0m     /// Represents 'VOSH' in ASCII (0x56305348).
 [0;36m41 |[0;0m     public static let voshEventUserData: Int64 = 0x56305348
    [0;36m|[0;0m                       `- [1;39mnote: [1;39mclass property declared here[0;0m
 [0;36m42 |[0;0m 
 [0;36m43 |[0;0m     /// Configuration: Whether "Browse Mode" (Virtual Cursor) is currently active.

/Users/ashleycox/Documents/Vosh/Sources/Vosh/VoshAgent.swift:738:19: [1;33mwarning: [1;39mcall to main actor-isolated instance method 'reloadBindings()' in a synchronous nonisolated context[0;0m [#]8;;https://docs.swift.org/compiler/documentation/diagnostics/actor-isolated-call\ActorIsolatedCall]8;;\]
 [0;36m736 |[0;0m         // Listen for shortcut changes
 [0;36m737 |[0;0m         NotificationCenter.default.addObserver(forName: Preferences.keyMappingChangedNotification, object: nil, queue: .main) { [weak self] _ in
 [0;36m738 |[0;0m             self?.reloadBindings()
     [0;36m|[0;0m                   `- [1;33mwarning: [1;39mcall to main actor-isolated instance method 'reloadBindings()' in a synchronous nonisolated context[0;0m [#]8;;https://docs.swift.org/compiler/documentation/diagnostics/actor-isolated-call\ActorIsolatedCall]8;;\]
 [0;36m739 |[0;0m         }
 [0;36m740 |[0;0m     }
 [0;36m741 |[0;0m     
 [0;36m742 |[0;0m     /// Re-binds all keys with the latest preferences.
 [0;36m743 |[0;0m     private func reloadBindings() {
     [0;36m|[0;0m                  `- [1;39mnote: [1;39mcalls to instance method 'reloadBindings()' from outside of its actor context are implicitly asynchronous[0;0m
 [0;36m744 |[0;0m         Input.shared.clearBindings()
 [0;36m745 |[0;0m         setupBindings() // Re-run registration

/Users/ashleycox/Documents/Vosh/Sources/Vosh/VoshAgent.swift:826:9: [1;33mwarning: [1;39mno 'async' operations occur within 'await' expression[0;0m
 [0;36m824 |[0;0m         
 [0;36m825 |[0;0m         // Push Audio Engine Settings
 [0;36m826 |[0;0m         await AudioEngine.shared.configure(
     [0;36m|[0;0m         `- [1;33mwarning: [1;39mno 'async' operations occur within 'await' expression[0;0m
 [0;36m827 |[0;0m              isSpatialEnabled: prefs.spatialAudioEnabled,
 [0;36m828 |[0;0m              reverb: AVAudioUnitReverbPreset(rawValue: prefs.reverbPreset) ?? .smallRoom

/Users/ashleycox/Documents/Vosh/Sources/Vosh/VoshAgent.swift:1175:40: [1;33mwarning: [1;39m'activateIgnoringOtherApps' was deprecated in macOS 14.0: ignoringOtherApps is deprecated in macOS 14 and will have no effect.[0;0m [#]8;;https://docs.swift.org/compiler/documentation/diagnostics/deprecated-declaration\DeprecatedDeclaration]8;;\]
[0;36m1173 |[0;0m         if let dockApp = NSWorkspace.shared.runningApplications.first(where: { $0.bundleIdentifier == "com.apple.dock" }) {
[0;36m1174 |[0;0m             // Activate expecting focus
[0;36m1175 |[0;0m             dockApp.activate(options: .activateIgnoringOtherApps)
     [0;36m|[0;0m                                        `- [1;33mwarning: [1;39m'activateIgnoringOtherApps' was deprecated in macOS 14.0: ignoringOtherApps is deprecated in macOS 14 and will have no effect.[0;0m [#]8;;https://docs.swift.org/compiler/documentation/diagnostics/deprecated-declaration\DeprecatedDeclaration]8;;\]
[0;36m1176 |[0;0m             // We might want to verify focus via accessibility if needed, 
[0;36m1177 |[0;0m             // but activating the Dock app usually brings it to front.

[#ActorIsolatedCall]: <https://docs.swift.org/compiler/documentation/diagnostics/actor-isolated-call>
[#DeprecatedDeclaration]: <https://docs.swift.org/compiler/documentation/diagnostics/deprecated-declaration>
[5/11] Emitting module Vosh
[6/11] Compiling Vosh MailModule.swift
[7/11] Compiling Vosh SafariModule.swift
[8/11] Compiling Vosh TerminalModule.swift
/Users/ashleycox/Documents/Vosh/Sources/Vosh/Modules/TerminalModule.swift:46:36: [1;31merror: [1;39mmain actor-isolated instance method 'invalidate()' cannot be called from outside of the actor[0;0m
[0;36m44 |[0;0m             // IMPORTANT: Subscribe to value updates to read command output
[0;36m45 |[0;0m             // We invalidate any previous observer first
[0;36m46 |[0;0m             [4;39mself.terminalObserver?.invalidate()[0;0m
   [0;36m|[0;0m                                    `- [1;31merror: [1;39mmain actor-isolated instance method 'invalidate()' cannot be called from outside of the actor[0;0m
[0;36m47 |[0;0m             
[0;36m48 |[0;0m             if let observer = try? await ElementObserver(element: element) {
